<?xml version="1.0" encoding="UTF-8"?>
<!-- Generated by org.testng.reporters.JUnitXMLReporter -->
<testsuite ignored="0" hostname="DESKTOP-4G6V73A" failures="0" tests="10" name="Test Pusha the Rise" time="29.533" errors="0" timestamp="08 Dec 2022 04:31:44 GMT">
  <testcase classname="com.TestLayer.GooglePageTest" name="searchOnGoogle" time="3.755"/>
  <testcase classname="com.TestLayer.GoogleSearchPageTest" name="verifyGoogleSearchPageTitle" time="0.01"/>
  <testcase classname="com.TestLayer.GoogleSearchPageTest" name="clickonWiki" time="0.137"/>
  <testcase classname="com.TestLayer.WikipediaPageTest" name="captureCountry" time="0.064"/>
  <testcase classname="com.TestLayer.ImdbPageTest" name="clickonImdb" time="2.473"/>
  <testcase classname="com.TestLayer.WikipediaPageTest" name="captureReleaseDate" time="0.233"/>
  <testcase classname="com.TestLayer.ImdbPageTest" name="captureCountry" time="0.084"/>
  <testcase classname="com.TestLayer.ImdbPageTest" name="captureReleaseDate" time="0.085"/>
  <testcase classname="com.TestLayer.ValidationWIkiAndImdb" name="validateCountry" time="0.001"/>
  <testcase classname="com.TestLayer.ValidationWIkiAndImdb" name="validateReleaseDate" time="0.001"/>
</testsuite> <!-- Test Pusha the Rise -->
