<?xml version="1.0" encoding="UTF-8"?>
<!-- Generated by org.testng.reporters.JUnitXMLReporter -->
<testsuite ignored="0" hostname="DESKTOP-4G6V73A" failures="0" tests="10" name="Test" time="18.919" errors="0" timestamp="08 Dec 2022 04:22:24 GMT">
  <testcase classname="com.TestLayer.GooglePageTest" name="searchOnGoogle" time="3.845"/>
  <testcase classname="com.TestLayer.GoogleSearchPageTest" name="verifyGoogleSearchPageTitle" time="0.02"/>
  <testcase classname="com.TestLayer.GoogleSearchPageTest" name="clickonWiki" time="1.34"/>
  <testcase classname="com.TestLayer.WikipediaPageTest" name="captureCountry" time="0.206"/>
  <testcase classname="com.TestLayer.ImdbPageTest" name="clickonImdb" time="7.78"/>
  <testcase classname="com.TestLayer.WikipediaPageTest" name="captureReleaseDate" time="0.205"/>
  <testcase classname="com.TestLayer.ImdbPageTest" name="captureCountry" time="0.038"/>
  <testcase classname="com.TestLayer.ImdbPageTest" name="captureReleaseDate" time="0.043"/>
  <testcase classname="com.TestLayer.ValidationWIkiAndImdb" name="validateCountry" time="0.001"/>
  <testcase classname="com.TestLayer.ValidationWIkiAndImdb" name="validateReleaseDate" time="0.001"/>
</testsuite> <!-- Test -->
